  fastspeech.cpp
E:\DEV-5.1.0-github\SoyNetV5\SoyNetV5\fastspeech.cpp(10,52): warning C4267: '초기화 중': 'size_t'에서 'int'(으)로 변환하면서 데이터가 손실될 수 있습니다.
  numpy.cpp
  SoyNetV5.cpp
  wav.cpp
  wav2lip.cpp
E:\DEV-5.1.0-github\SoyNetV5\SoyNetV5\wav2lip.cpp(56,23): warning C4244: '인수': 'double'에서 'float'(으)로 변환하면서 데이터가 손실될 수 있습니다.
E:\DEV-5.1.0-github\SoyNetV5\SoyNetV5\wav2lip.cpp(57,23): warning C4244: '인수': 'double'에서 'float'(으)로 변환하면서 데이터가 손실될 수 있습니다.
  yolo.cpp
E:\DEV-5.1.0-github\SoyNetV5\SoyNetV5\yolo.cpp(18,24): warning C4244: '=': 'float'에서 'int'(으)로 변환하면서 데이터가 손실될 수 있습니다.
E:\DEV-5.1.0-github\SoyNetV5\SoyNetV5\yolo.cpp(19,23): warning C4244: '=': 'float'에서 'int'(으)로 변환하면서 데이터가 손실될 수 있습니다.
     ../../lib/SoyNetV5.lib 라이브러리 및 ../../lib/SoyNetV5.exp 개체를 생성하고 있습니다.
  코드를 생성하고 있습니다.
  1573 of 5212 functions (30.2%) were compiled, the rest were copied from previous compilation.
    0 functions were new in current compilation
    675 functions had inline decision re-evaluated but remain unchanged
  코드를 생성했습니다.
SoyBase.lib(soybase.obj) : warning LNK4099: '' PDB를 'SoyBase.lib(soybase.obj)' 또는 ''에서 찾을 수 없습니다. 디버그 정보가 없는 것처럼 개체를 링크합니다.
SoyBase.lib(plugin_manager.obj) : warning LNK4099: '' PDB를 'SoyBase.lib(plugin_manager.obj)' 또는 ''에서 찾을 수 없습니다. 디버그 정보가 없는 것처럼 개체를 링크합니다.
SoyBase.lib(logger.obj) : warning LNK4099: '' PDB를 'SoyBase.lib(logger.obj)' 또는 ''에서 찾을 수 없습니다. 디버그 정보가 없는 것처럼 개체를 링크합니다.
SoyUtil.lib(util.obj) : warning LNK4099: '' PDB를 'SoyUtil.lib(util.obj)' 또는 ''에서 찾을 수 없습니다. 디버그 정보가 없는 것처럼 개체를 링크합니다.
SoyCfg.lib(config.obj) : warning LNK4099: '' PDB를 'SoyCfg.lib(config.obj)' 또는 ''에서 찾을 수 없습니다. 디버그 정보가 없는 것처럼 개체를 링크합니다.
SoyLic.lib(license.obj) : warning LNK4099: '' PDB를 'SoyLic.lib(license.obj)' 또는 ''에서 찾을 수 없습니다. 디버그 정보가 없는 것처럼 개체를 링크합니다.
SoyLic.lib(sha256.obj) : warning LNK4099: '' PDB를 'SoyLic.lib(sha256.obj)' 또는 ''에서 찾을 수 없습니다. 디버그 정보가 없는 것처럼 개체를 링크합니다.
SoyLic.lib(soykey.obj) : warning LNK4099: '' PDB를 'SoyLic.lib(soykey.obj)' 또는 ''에서 찾을 수 없습니다. 디버그 정보가 없는 것처럼 개체를 링크합니다.
SoyLic.lib(key.obj) : warning LNK4099: '' PDB를 'SoyLic.lib(key.obj)' 또는 ''에서 찾을 수 없습니다. 디버그 정보가 없는 것처럼 개체를 링크합니다.
SoyLog.lib(log.obj) : warning LNK4099: '' PDB를 'SoyLog.lib(log.obj)' 또는 ''에서 찾을 수 없습니다. 디버그 정보가 없는 것처럼 개체를 링크합니다.
  SoyNetV5.vcxproj -> E:\DEV-5.1.0-github\lib\SoyNetV5.dll
