[I] from now on, log_dir=[../mgmt/logs] log_file_name=[yolov8n_mak]
2023-04-04_17.05.28.248 [I] This is licensed to user_id [support@soynet.io]
2023-04-04_17.05.28.248 [I] This model is licensed by trial license.
2023-04-04_17.05.28.590 [I] current_path=[E:\DEV-5.1.0-github\Samples], plugin_dir=[../lib/plugins/]
2023-04-04_17.05.28.590 [I] checking plugins in plugin_dir=[../lib/plugins/]
  idx fileName                                 pluginType           pluginVersion  shareAct pluginDesc
  --- ---------------------------------------- -------------------- -------------- -------- -----------------------------
    0 SLactivation.pl                          activation           2022.05.01.001 NONE     activation
    1 SLargmax.pl                              argmax               2022.05.01.001 NONE     argmax for covidetect
    2 SLastsm.pl                               astsm                2022.05.01.001 SHARE    astsm for only fastspeech
    3 SLaudio_sb.pl                            audio_sb             2022.05.01.001 SHARE    audio_sb for only fastspeech
    4 SLaudio_skip.pl                          audio_skip           2022.05.01.001 SHARE    audio_skip for only fastspeech
  --- ---------------------------------------- -------------------- -------------- -------- -----------------------------
    5 SLbconv2d.pl                             bconv2d              2022.05.01.001 SHARE    bconv2d
    6 SLbdeconv2d.pl                           bdeconv2d            2022.05.01.001 SHARE    bdeconv2d for gleanx8
    7 SLbn.pl                                  bn                   2022.05.01.001 SHARE    bn
    8 SLbnms.pl                                bnms                 2023.03.01.001 SHARE    bnms for yolov8
    9 SLchunk.pl                               chunk                2023.03.01.001 SHARE    chunk for fastspeech
  --- ---------------------------------------- -------------------- -------------- -------- -----------------------------
   10 SLclamp.pl                               clamp                2022.10.01.001 SHARE    clamp with CUDA
   11 SLclamp_exp_m1_0_75.pl                   clamp_exp_m1_0_75    2022.05.01.001 SHARE    clamp_exp_m1_0_75 only for fastspeech
   12 SLconcat.pl                              concat               2022.10.01.001 SHARE    concat
   13 SLconst.pl                               const                2022.05.01.001 SHARE    const
   14 SLconv1d.pl                              conv1d               2022.05.01.001 SHARE    conv1d for fastspeech
  --- ---------------------------------------- -------------------- -------------- -------- -----------------------------
   15 SLconv2d.pl                              conv2d               2022.05.01.001 SHARE    conv2d
   16 SLdeconv1d.pl                            deconv1d             2023.03.01.001 SHARE    deconcv1d for hifigan
   17 SLdeconv2d.pl                            deconv2d             2022.05.01.001 SHARE    deconv2d for fastspeech
   18 SLdense.pl                               dense                2022.05.01.001 SHARE    dense for input
   19 SLdist2bbox.pl                           dist2bbox            2023.03.01.001 SHARE    dist2bbox for yolov8
  --- ---------------------------------------- -------------------- -------------- -------- -----------------------------
   20 SLeinmask.pl                             einmask              2022.05.01.001 SHARE    einsum and mask for PaLM
   21 SLeinreshape.pl                          einreshape           2022.05.01.001 SHARE    ein and reshape for PaLM
   22 SLeltwise.pl                             eltwise              2022.10.01.001 SHARE    eltwise for wav2lip
   23 SLembed.pl                               embed                2022.05.01.001 SHARE    embed for fastspeech
   24 SLexpand.pl                              expand               2022.05.01.001 SHARE    expand for covidetect
  --- ---------------------------------------- -------------------- -------------- -------- -----------------------------
   25 SLfade_out.pl                            fade_out             2022.05.01.001 SHARE    fade_out for only fastspeech
   26 SLgather.pl                              gather               2022.05.01.001 SHARE    gather for wav2lip
   27 SLisinf.pl                               isinf                2022.05.01.001 SHARE    isinf for bot-sort
   28 SLjacob.pl                               jacob                2022.05.01.001 SHARE    jacob for covidetect
   29 SLlstm.pl                                lstm                 2022.05.01.001 SHARE     lstm for ocr
  --- ---------------------------------------- -------------------- -------------- -------- -----------------------------
   30 SLm2m.pl                                 m2m                  2022.05.01.001 SHARE    m2m for m2m
   31 SLmask.pl                                mask                 2022.05.01.001 SHARE    mask for maskrcnn
   32 SLmatmul.pl                              matmul               2022.05.01.001 SHARE    matmul for yolov5
   33 SLmatrix.pl                              matrix               2022.05.01.001 SHARE    matrix for clip
   34 SLnms.pl                                 nms                  2022.10.01.001 SHARE    nms for yolov5
  --- ---------------------------------------- -------------------- -------------- -------- -----------------------------
   35 SLnms_gather.pl                          nms_gather           2023.03.01.001 SHARE    gather after nms
   36 SLnms_merge.pl                           nms_merge            2023.03.01.001 SHARE    nms_merge for yolov8
   37 SLnorm.pl                                norm                 2022.05.01.001 SHARE    norm for input
   38 SLpixelshuffle.pl                        pixelshuffle         2022.05.01.001 SHARE    pixelshuffle for gleanx8
   39 SLpool2d.pl                              pool2d               2022.10.01.001 SHARE    pool2d for yolov5
  --- ---------------------------------------- -------------------- -------------- -------- -----------------------------
   40 SLposemb.pl                              posemb               2022.05.01.001 SHARE    posembed for fastspeech
   41 SLpostproc.pl                            postproc             2022.05.01.001 SHARE    postproc for yolov5
   42 SLpreproc.pl                             preproc              2022.10.01.001 SHARE    preproc
   43 SLreduce.pl                              reduce               2022.05.01.001 SHARE    reduce for covidetect
   44 SLreg_len.pl                             reg_len              2023.03.01.001 SHARE    reg_len for fastspeech
  --- ---------------------------------------- -------------------- -------------- -------- -----------------------------
   45 SLregion.pl                              region               2022.05.01.001 NONE     region for maskrcnn
   46 SLreshape.pl                             reshape              2022.05.01.001 SHARE    reshape for input
   47 SLresize.pl                              resize               2022.05.01.001 NONE     resize for covidetect
   48 SLroialign.pl                            roialign             2022.05.01.001 NONE     roialign for maskrcnn
   49 SLroll.pl                                roll                 2022.10.01.001 SHARE    roll for swin-transformer
  --- ---------------------------------------- -------------------- -------------- -------- -----------------------------
   50 SLrotemb.pl                              rotemb               2022.05.01.001 SHARE    rotary position emb for PaLM
   51 SLscale.pl                               scale                2022.05.01.001 SHARE    scale
   52 SLshape.pl                               shape                2022.10.01.001 SHARE    shape for wav2lip
   53 SLshuffle.pl                             shuffle              2022.05.01.001 NONE     shuffle for yolox
   54 SLsimpleop.pl                            simpleop             2022.05.01.001 SHARE    simpleop for gleanx8
  --- ---------------------------------------- -------------------- -------------- -------- -----------------------------
   55 SLslice.pl                               slice                2022.05.01.001 SHARE    slice
   56 SLsoftmax.pl                             softmax              2022.05.01.001 SHARE    softmax for bert
   57 SLsortk.pl                               sortk                2022.10.01.001 SHARE    sortk for yolov5
   58 SLsplit.pl                               split                2022.05.01.001 SHARE    split for fastspeech
   59 SLsum.pl                                 sum                  2022.05.01.001 SHARE    sum
  --- ---------------------------------------- -------------------- -------------- -------- -----------------------------
   60 SLthreshold.pl                           threshold            2022.05.01.001 SHARE     threshold
   61 SLtoimg.pl                               toimg                2022.05.01.001 SHARE    toimg for gleanx8
   62 SLtopk.pl                                topk                 2022.05.01.001 NONE     topk for maskrcnn
   63 SLtrans.pl                               trans                2022.05.01.001 SHARE    trans for input
   64 SLunfold.pl                              unfold               2022.05.01.001 SHARE    unfold for fastspeech
  --- ---------------------------------------- -------------------- -------------- -------- -----------------------------
   65 SLupfirdn2d.pl                           upfirdn2d            2022.05.01.001 SHARE    upfirdn2d for gleanx8
   66 SLupsample.pl                            upsample             2022.10.01.001 SHARE    upsample for yolov5
   67 SLyolo.pl                                yolo                 2022.10.01.001 NONE     yolo for yolov5
  --- ---------------------------------------- -------------------- -------------- -------- -----------------------------
2023-04-04_17.05.29.121 [I] finding total [ 68 ] valid plugin modules.
2023-04-04_17.05.29.121 [I] statistics of layer module usage.
idx module_name                              type                 version        usage
--- ---------------------------------------- -------------------- -------------- -----
  0 SLchunk.pl                               chunk                2023.03.01.001     8
  1 SLconcat.pl                              concat               2022.10.01.001    17
  2 SLconv2d.pl                              conv2d               2022.05.01.001    64
  3 SLdist2bbox.pl                           dist2bbox            2023.03.01.001     1
  4 SLeltwise.pl                             eltwise              2022.10.01.001     6
--- ---------------------------------------- -------------------- -------------- -----
  5 SLnms.pl                                 nms                  2022.10.01.001     1
  6 SLnms_merge.pl                           nms_merge            2023.03.01.001     1
  7 SLpool2d.pl                              pool2d               2022.10.01.001     3
  8 SLpreproc.pl                             preproc              2022.10.01.001     1
  9 SLreshape.pl                             reshape              2022.05.01.001     5
--- ---------------------------------------- -------------------- -------------- -----
 10 SLslice.pl                               slice                2022.05.01.001     2
 11 SLsoftmax.pl                             softmax              2022.05.01.001     1
 12 SLtrans.pl                               trans                2022.05.01.001     3
 13 SLupsample.pl                            upsample             2022.10.01.001     2
--- ---------------------------------------- -------------------- -------------- -----
2023-04-04_17.05.29.132 [I] model architecture logging
------------------------------------------------------------ model architecture start -----------------------------------------------------------
   0   17 preproc   pre-order=1 0  pad[12,12,0,0] hwc=1 bgr=1              XX 1,360,640,3        1,3,384,640        PREPROC   
   1   22 conv2d    k(3) p(1,1) s(2) d(1) g(1) act(silu)             PREPROC 1,3,384,640        1,16,192,320                 
   2   23 conv2d    k(3) p(1,1) s(2) d(1) g(1) act(silu)                     1,16,192,320       1,32,96,160                  
   3   26 conv2d    k(1) p(0,0,0,0) s(1) d(1) g(1) act(silu)                 1,32,96,160        1,32,96,160                  
   4   27 chunk     axis=1 count=2                                           1,32,96,160        1,16,96,160        X0_C0,X0_C1
- - - - - - - - - - - - - - - - - - - - - - - - - - - - - - - - - - - - - - - - - - - - - - - - - - - - - - - - - - - - - - - - - - - - - - - - -
   5   29 conv2d    k(3) p(1,1) s(1) d(1) g(1) act(silu)               X0_C1 1,16,96,160        1,16,96,160                  
   6   30 conv2d    k(3) p(1,1) s(1) d(1) g(1) act(silu)                     1,16,96,160        1,16,96,160                  
   7   31 eltwise   sum                                              X0_C1,* 1,16,96,160        1,16,96,160        X0_C2     
   8   33 concat    axis=1                                   X0_C0,X0_C1,X0_C2 1,16,96,160        1,48,96,160                  
   9   34 conv2d    k(1) p(0,0,0,0) s(1) d(1) g(1) act(silu)                 1,48,96,160        1,32,96,160                  
- - - - - - - - - - - - - - - - - - - - - - - - - - - - - - - - - - - - - - - - - - - - - - - - - - - - - - - - - - - - - - - - - - - - - - - - -
  10   37 conv2d    k(3) p(1,1) s(2) d(1) g(1) act(silu)                     1,32,96,160        1,64,48,80                   
  11   40 conv2d    k(1) p(0,0,0,0) s(1) d(1) g(1) act(silu)                 1,64,48,80         1,64,48,80                   
  12   41 chunk     axis=1 count=2                                           1,64,48,80         1,32,48,80         X1_C0,X1_C1
  13   43 conv2d    k(3) p(1,1) s(1) d(1) g(1) act(silu)               X1_C1 1,32,48,80         1,32,48,80                   
  14   44 conv2d    k(3) p(1,1) s(1) d(1) g(1) act(silu)                     1,32,48,80         1,32,48,80                   
- - - - - - - - - - - - - - - - - - - - - - - - - - - - - - - - - - - - - - - - - - - - - - - - - - - - - - - - - - - - - - - - - - - - - - - - -
  15   45 eltwise   sum                                              X1_C1,* 1,32,48,80         1,32,48,80         X1_C2     
  16   47 conv2d    k(3) p(1,1) s(1) d(1) g(1) act(silu)               X1_C2 1,32,48,80         1,32,48,80                   
  17   48 conv2d    k(3) p(1,1) s(1) d(1) g(1) act(silu)                     1,32,48,80         1,32,48,80                   
  18   49 eltwise   sum                                              X1_C2,* 1,32,48,80         1,32,48,80         X1_C3     
  19   51 concat    axis=1                                   X1_C0,X1_C1,X1_C2,X1_C3 1,32,48,80         1,128,48,80                  
- - - - - - - - - - - - - - - - - - - - - - - - - - - - - - - - - - - - - - - - - - - - - - - - - - - - - - - - - - - - - - - - - - - - - - - - -
  20   52 conv2d    k(1) p(0,0,0,0) s(1) d(1) g(1) act(silu)                 1,128,48,80        1,64,48,80         RES_4     
  21   55 conv2d    k(3) p(1,1) s(2) d(1) g(1) act(silu)               RES_4 1,64,48,80         1,128,24,40                  
  22   58 conv2d    k(1) p(0,0,0,0) s(1) d(1) g(1) act(silu)                 1,128,24,40        1,128,24,40                  
  23   59 chunk     axis=1 count=2                                           1,128,24,40        1,64,24,40         X2_C0,X2_C1
  24   61 conv2d    k(3) p(1,1) s(1) d(1) g(1) act(silu)               X2_C1 1,64,24,40         1,64,24,40                   
- - - - - - - - - - - - - - - - - - - - - - - - - - - - - - - - - - - - - - - - - - - - - - - - - - - - - - - - - - - - - - - - - - - - - - - - -
  25   62 conv2d    k(3) p(1,1) s(1) d(1) g(1) act(silu)                     1,64,24,40         1,64,24,40                   
  26   63 eltwise   sum                                              X2_C1,* 1,64,24,40         1,64,24,40         X2_C2     
  27   65 conv2d    k(3) p(1,1) s(1) d(1) g(1) act(silu)               X2_C2 1,64,24,40         1,64,24,40                   
  28   66 conv2d    k(3) p(1,1) s(1) d(1) g(1) act(silu)                     1,64,24,40         1,64,24,40                   
  29   67 eltwise   sum                                              X2_C2,* 1,64,24,40         1,64,24,40         X2_C3     
- - - - - - - - - - - - - - - - - - - - - - - - - - - - - - - - - - - - - - - - - - - - - - - - - - - - - - - - - - - - - - - - - - - - - - - - -
  30   69 concat    axis=1                                   X2_C0,X2_C1,X2_C2,X2_C3 1,64,24,40         1,256,24,40                  
  31   70 conv2d    k(1) p(0,0,0,0) s(1) d(1) g(1) act(silu)                 1,256,24,40        1,128,24,40        RES_6     
  32   73 conv2d    k(3) p(1,1) s(2) d(1) g(1) act(silu)               RES_6 1,128,24,40        1,256,12,20                  
  33   76 conv2d    k(1) p(0,0,0,0) s(1) d(1) g(1) act(silu)                 1,256,12,20        1,256,12,20                  
  34   77 chunk     axis=1 count=2                                           1,256,12,20        1,128,12,20        X3_C0,X3_C1
- - - - - - - - - - - - - - - - - - - - - - - - - - - - - - - - - - - - - - - - - - - - - - - - - - - - - - - - - - - - - - - - - - - - - - - - -
  35   79 conv2d    k(3) p(1,1) s(1) d(1) g(1) act(silu)               X3_C1 1,128,12,20        1,128,12,20                  
  36   80 conv2d    k(3) p(1,1) s(1) d(1) g(1) act(silu)                     1,128,12,20        1,128,12,20                  
  37   81 eltwise   sum                                              X3_C1,* 1,128,12,20        1,128,12,20        X3_C2     
  38   83 concat    axis=1                                   X3_C0,X3_C1,X3_C2 1,128,12,20        1,384,12,20                  
  39   84 conv2d    k(1) p(0,0,0,0) s(1) d(1) g(1) act(silu)                 1,384,12,20        1,256,12,20                  
- - - - - - - - - - - - - - - - - - - - - - - - - - - - - - - - - - - - - - - - - - - - - - - - - - - - - - - - - - - - - - - - - - - - - - - - -
  40   87 conv2d    k(1) p(0,0,0,0) s(1) d(1) g(1) act(silu)                 1,256,12,20        1,128,12,20        SP0_X     
  41   88 pool2d    max k(5) p(2) s(1,1) d(1,1)                        SP0_X 1,128,12,20        1,128,12,20        SP0_Y1    
  42   89 pool2d    max k(5) p(2) s(1,1) d(1,1)                       SP0_Y1 1,128,12,20        1,128,12,20        SP0_Y2    
  43   90 pool2d    max k(5) p(2) s(1,1) d(1,1)                       SP0_Y2 1,128,12,20        1,128,12,20        SP0_Y3    
  44   92 concat    axis=1                                   SP0_X,SP0_Y1,SP0_Y2,SP0_Y3 1,128,12,20        1,512,12,20                  
- - - - - - - - - - - - - - - - - - - - - - - - - - - - - - - - - - - - - - - - - - - - - - - - - - - - - - - - - - - - - - - - - - - - - - - - -
  45   93 conv2d    k(1) p(0,0,0,0) s(1) d(1) g(1) act(silu)                 1,512,12,20        1,256,12,20        RES_9     
  46   96 upsample  factor=2                                           RES_9 1,256,12,20        1,256,24,40                  
  47   99 concat    axis=1                                           *,RES_6 1,256,24,40        1,384,24,40                  
  48  102 conv2d    k(1) p(0,0,0,0) s(1) d(1) g(1) act(silu)                 1,384,24,40        1,128,24,40                  
  49  103 chunk     axis=1 count=2                                           1,128,24,40        1,64,24,40         X4_C0,X4_C1
- - - - - - - - - - - - - - - - - - - - - - - - - - - - - - - - - - - - - - - - - - - - - - - - - - - - - - - - - - - - - - - - - - - - - - - - -
  50  105 conv2d    k(3) p(1,1) s(1) d(1) g(1) act(silu)               X4_C1 1,64,24,40         1,64,24,40                   
  51  106 conv2d    k(3) p(1,1) s(1) d(1) g(1) act(silu)                     1,64,24,40         1,64,24,40         X4_C2     
  52  108 concat    axis=1                                   X4_C0,X4_C1,X4_C2 1,64,24,40         1,192,24,40                  
  53  109 conv2d    k(1) p(0,0,0,0) s(1) d(1) g(1) act(silu)                 1,192,24,40        1,128,24,40        RES_12    
  54  112 upsample  factor=2                                          RES_12 1,128,24,40        1,128,48,80                  
- - - - - - - - - - - - - - - - - - - - - - - - - - - - - - - - - - - - - - - - - - - - - - - - - - - - - - - - - - - - - - - - - - - - - - - - -
  55  115 concat    axis=1                                           *,RES_4 1,128,48,80        1,192,48,80                  
  56  118 conv2d    k(1) p(0,0,0,0) s(1) d(1) g(1) act(silu)                 1,192,48,80        1,64,48,80                   
  57  119 chunk     axis=1 count=2                                           1,64,48,80         1,32,48,80         X5_C0,X5_C1
  58  121 conv2d    k(3) p(1,1) s(1) d(1) g(1) act(silu)               X5_C1 1,32,48,80         1,32,48,80                   
  59  122 conv2d    k(3) p(1,1) s(1) d(1) g(1) act(silu)                     1,32,48,80         1,32,48,80         X5_C2     
- - - - - - - - - - - - - - - - - - - - - - - - - - - - - - - - - - - - - - - - - - - - - - - - - - - - - - - - - - - - - - - - - - - - - - - - -
  60  124 concat    axis=1                                   X5_C0,X5_C1,X5_C2 1,32,48,80         1,96,48,80                   
  61  125 conv2d    k(1) p(0,0,0,0) s(1) d(1) g(1) act(silu)                 1,96,48,80         1,64,48,80         RES_15    
  62  128 conv2d    k(3) p(1,1) s(2) d(1) g(1) act(silu)              RES_15 1,64,48,80         1,64,24,40                   
  63  131 concat    axis=1                                          *,RES_12 1,64,24,40         1,192,24,40                  
  64  134 conv2d    k(1) p(0,0,0,0) s(1) d(1) g(1) act(silu)                 1,192,24,40        1,128,24,40                  
- - - - - - - - - - - - - - - - - - - - - - - - - - - - - - - - - - - - - - - - - - - - - - - - - - - - - - - - - - - - - - - - - - - - - - - - -
  65  135 chunk     axis=1 count=2                                           1,128,24,40        1,64,24,40         X6_C0,X6_C1
  66  137 conv2d    k(3) p(1,1) s(1) d(1) g(1) act(silu)               X6_C1 1,64,24,40         1,64,24,40                   
  67  138 conv2d    k(3) p(1,1) s(1) d(1) g(1) act(silu)                     1,64,24,40         1,64,24,40         X6_C2     
  68  140 concat    axis=1                                   X6_C0,X6_C1,X6_C2 1,64,24,40         1,192,24,40                  
  69  141 conv2d    k(1) p(0,0,0,0) s(1) d(1) g(1) act(silu)                 1,192,24,40        1,128,24,40        RES_18    
- - - - - - - - - - - - - - - - - - - - - - - - - - - - - - - - - - - - - - - - - - - - - - - - - - - - - - - - - - - - - - - - - - - - - - - - -
  70  144 conv2d    k(3) p(1,1) s(2) d(1) g(1) act(silu)              RES_18 1,128,24,40        1,128,12,20                  
  71  147 concat    axis=1                                           *,RES_9 1,128,12,20        1,384,12,20                  
  72  150 conv2d    k(1) p(0,0,0,0) s(1) d(1) g(1) act(silu)                 1,384,12,20        1,256,12,20                  
  73  151 chunk     axis=1 count=2                                           1,256,12,20        1,128,12,20        X7_C0,X7_C1
  74  153 conv2d    k(3) p(1,1) s(1) d(1) g(1) act(silu)               X7_C1 1,128,12,20        1,128,12,20                  
- - - - - - - - - - - - - - - - - - - - - - - - - - - - - - - - - - - - - - - - - - - - - - - - - - - - - - - - - - - - - - - - - - - - - - - - -
  75  154 conv2d    k(3) p(1,1) s(1) d(1) g(1) act(silu)                     1,128,12,20        1,128,12,20        X7_C2     
  76  156 concat    axis=1                                   X7_C0,X7_C1,X7_C2 1,128,12,20        1,384,12,20                  
  77  157 conv2d    k(1) p(0,0,0,0) s(1) d(1) g(1) act(silu)                 1,384,12,20        1,256,12,20        RES_21    
  78  162 conv2d    k(3) p(1,1) s(1) d(1) g(1) act(silu)              RES_15 1,64,48,80         1,64,48,80                   
  79  163 conv2d    k(3) p(1,1) s(1) d(1) g(1) act(silu)                     1,64,48,80         1,64,48,80                   
- - - - - - - - - - - - - - - - - - - - - - - - - - - - - - - - - - - - - - - - - - - - - - - - - - - - - - - - - - - - - - - - - - - - - - - - -
  80  164 conv2d    k(1) p(0,0,0,0) s(1) d(1) g(1) act(identity)                 1,64,48,80         1,64,48,80         DETECT_T1 
  81  167 conv2d    k(3) p(1,1) s(1) d(1) g(1) act(silu)              RES_15 1,64,48,80         1,80,48,80                   
  82  168 conv2d    k(3) p(1,1) s(1) d(1) g(1) act(silu)                     1,80,48,80         1,80,48,80                   
  83  169 conv2d    k(1) p(0,0,0,0) s(1) d(1) g(1) act(identity)                 1,80,48,80         1,80,48,80         DETECT_T2 
  84  170 concat    axis=1                                   DETECT_T1,DETECT_T2 1,64,48,80         1,144,48,80        D0        
- - - - - - - - - - - - - - - - - - - - - - - - - - - - - - - - - - - - - - - - - - - - - - - - - - - - - - - - - - - - - - - - - - - - - - - - -
  85  171 reshape   1,144,-1                                              D0 1,144,48,80        1,144,3840         RE_D0     
  86  174 conv2d    k(3) p(1,1) s(1) d(1) g(1) act(silu)              RES_18 1,128,24,40        1,64,24,40                   
  87  175 conv2d    k(3) p(1,1) s(1) d(1) g(1) act(silu)                     1,64,24,40         1,64,24,40                   
  88  176 conv2d    k(1) p(0,0,0,0) s(1) d(1) g(1) act(identity)                 1,64,24,40         1,64,24,40         DETECT_T3 
  89  179 conv2d    k(3) p(1,1) s(1) d(1) g(1) act(silu)              RES_18 1,128,24,40        1,80,24,40                   
- - - - - - - - - - - - - - - - - - - - - - - - - - - - - - - - - - - - - - - - - - - - - - - - - - - - - - - - - - - - - - - - - - - - - - - - -
  90  180 conv2d    k(3) p(1,1) s(1) d(1) g(1) act(silu)                     1,80,24,40         1,80,24,40                   
  91  181 conv2d    k(1) p(0,0,0,0) s(1) d(1) g(1) act(identity)                 1,80,24,40         1,80,24,40         DETECT_T4 
  92  182 concat    axis=1                                   DETECT_T3,DETECT_T4 1,64,24,40         1,144,24,40        D1        
  93  183 reshape   1,144,-1                                              D1 1,144,24,40        1,144,960          RE_D1     
  94  186 conv2d    k(3) p(1,1) s(1) d(1) g(1) act(silu)              RES_21 1,256,12,20        1,64,12,20                   
- - - - - - - - - - - - - - - - - - - - - - - - - - - - - - - - - - - - - - - - - - - - - - - - - - - - - - - - - - - - - - - - - - - - - - - - -
  95  187 conv2d    k(3) p(1,1) s(1) d(1) g(1) act(silu)                     1,64,12,20         1,64,12,20                   
  96  188 conv2d    k(1) p(0,0,0,0) s(1) d(1) g(1) act(identity)                 1,64,12,20         1,64,12,20         DETECT_T5 
  97  191 conv2d    k(3) p(1,1) s(1) d(1) g(1) act(silu)              RES_21 1,256,12,20        1,80,12,20                   
  98  192 conv2d    k(3) p(1,1) s(1) d(1) g(1) act(silu)                     1,80,12,20         1,80,12,20                   
  99  193 conv2d    k(1) p(0,0,0,0) s(1) d(1) g(1) act(identity)                 1,80,12,20         1,80,12,20         DETECT_T6 
- - - - - - - - - - - - - - - - - - - - - - - - - - - - - - - - - - - - - - - - - - - - - - - - - - - - - - - - - - - - - - - - - - - - - - - - -
 100  194 concat    axis=1                                   DETECT_T5,DETECT_T6 1,64,12,20         1,144,12,20        D2        
 101  195 reshape   1,144,-1                                              D2 1,144,12,20        1,144,240          RE_D2     
 102  198 concat    axis=2                                   RE_D0,RE_D1,RE_D2 1,144,3840         1,144,5040         RE_D      
 103  199 slice     start=0,0,0 shape=1,64,-1                           RE_D 1,144,5040         1,64,5040          BOX_0     
 104  200 slice     start=0,64,0 shape=1,-1,-1                          RE_D 1,144,5040         1,80,5040          CLS_0     
- - - - - - - - - - - - - - - - - - - - - - - - - - - - - - - - - - - - - - - - - - - - - - - - - - - - - - - - - - - - - - - - - - - - - - - - -
 105  202 reshape   1,4,16,-1                                          BOX_0 1,64,5040          1,4,16,5040                  
 106  203 trans     0,2,1,3                                                  1,4,16,5040        1,16,4,5040                  
 107  204 softmax   axis=1                                                   1,16,4,5040        1,16,4,5040                  
 108  205 conv2d    k(1) p(0,0,0,0) s(1) d(1) g(1) act(identity)                 1,16,4,5040        1,1,4,5040                   
 109  206 reshape   1,4,-1                                                   1,1,4,5040         1,4,5040                     
- - - - - - - - - - - - - - - - - - - - - - - - - - - - - - - - - - - - - - - - - - - - - - - - - - - - - - - - - - - - - - - - - - - - - - - - -
 110  208 dist2bbox yolov8                                        *,D0,D1,D2 1,4,5040           1,4,5040                     
 111  209 trans     0,2,1                                                    1,4,5040           1,5040,4           BOX       
 112  210 trans     0,2,1                                              CLS_0 1,80,5040          1,5040,80          CLS       
 113  212 nms       mode=trt                                         BOX,CLS 1,5040,4           800,3                        
 114  213 nms_merge mode=yolov5 result_count=800             *,BOX,CLS,PREPROC 800,3              800,7                        
------------------------------------------------------------ model architecture end -------------------------------------------------------------
2023-04-04_17.05.29.224 [I] parsing done! : 1 inputs, 115 layers, 1 outputs
2023-04-04_17.05.29.252 [I] loading weights done!
